<?xml version="1.0" encoding="UTF-8"?>
<!-- Generated by org.testng.reporters.JUnitReportReporter -->
<testsuite skipped="1" hostname="amol-PC" name="poject1.Demo1.Appium" tests="2" failures="0" timestamp="31 Oct 2017 04:18:03 GMT" time="5.314" errors="0">
  <testcase name="f" time="5.314" classname="poject1.Demo1.Appium"/>
  <testcase name="f1" classname="poject1.Demo1.Appium">
    <skipped/>
  </testcase> <!-- f1 -->
</testsuite> <!-- poject1.Demo1.Appium -->
