<?xml version="1.0" encoding="UTF-8"?>
<!-- Generated by org.testng.reporters.JUnitReportReporter -->
<testsuite skipped="0" hostname="amol-PC" name="poject1.Demo1.NewTest" tests="1" failures="0" timestamp="22 Nov 2017 03:41:48 GMT" time="3.885" errors="0">
  <testcase name="first" time="3.885" classname="poject1.Demo1.NewTest"/>
</testsuite> <!-- poject1.Demo1.NewTest -->
