<?xml version="1.0" encoding="UTF-8"?>
<!-- Generated by org.testng.reporters.JUnitReportReporter -->
<testsuite skipped="1" hostname="amol-PC" name="poject1.Demo1.Soap_Rest" tests="2" failures="0" timestamp="26 Nov 2017 07:02:45 GMT" time="15.058" errors="0">
  <testcase name="Soap" time="15.058" classname="poject1.Demo1.Soap_Rest"/>
  <testcase name="Rest" classname="poject1.Demo1.Soap_Rest">
    <skipped/>
  </testcase> <!-- Rest -->
</testsuite> <!-- poject1.Demo1.Soap_Rest -->
