<?xml version="1.0" encoding="UTF-8"?>
<!-- Generated by org.testng.reporters.JUnitReportReporter -->
<testsuite skipped="0" hostname="amol-PC" name="poject1.Demo1.SecondTest" tests="1" failures="0" timestamp="22 Nov 2017 03:41:47 GMT" time="0.007" errors="0">
  <testcase name="f1" time="0.007" classname="poject1.Demo1.SecondTest"/>
</testsuite> <!-- poject1.Demo1.SecondTest -->
