<?xml version="1.0" encoding="UTF-8"?>
<!-- Generated by org.testng.reporters.JUnitReportReporter -->
<testsuite skipped="0" hostname="amol-PC" name="poject1.Demo1.TrackoMain" tests="2" failures="0" timestamp="27 Nov 2017 04:05:09 GMT" time="11.492" errors="0">
  <testcase name="login" time="5.052" classname="poject1.Demo1.TrackoMain"/>
  <testcase name="login" time="6.440" classname="poject1.Demo1.TrackoMain"/>
</testsuite> <!-- poject1.Demo1.TrackoMain -->
