<?xml version="1.0" encoding="UTF-8"?>
<!-- Generated by org.testng.reporters.JUnitReportReporter -->
<testsuite skipped="0" hostname="amol-PC" name="poject1.Demo1.Web_Table" tests="2" failures="0" timestamp="15 Nov 2017 03:29:54 GMT" time="21.650" errors="0">
  <testcase name="login_button" time="9.273" classname="poject1.Demo1.Web_Table"/>
  <testcase name="admin_button" time="12.377" classname="poject1.Demo1.Web_Table"/>
</testsuite> <!-- poject1.Demo1.Web_Table -->
