<?xml version="1.0" encoding="UTF-8"?>
<!-- Generated by org.testng.reporters.JUnitReportReporter -->
<testsuite skipped="0" hostname="amol-PC" name="poject1.Demo1.TestGridClass" tests="1" failures="0" timestamp="27 Oct 2017 03:43:34 GMT" time="3.586" errors="0">
  <testcase name="f" time="3.586" classname="poject1.Demo1.TestGridClass"/>
</testsuite> <!-- poject1.Demo1.TestGridClass -->
