<?xml version="1.0" encoding="UTF-8"?>
<!-- Generated by org.testng.reporters.JUnitReportReporter -->
<testsuite skipped="0" hostname="amol-PC" name="poject1.Demo1.TrackoMain" tests="2" failures="0" timestamp="28 Nov 2017 03:40:50 GMT" time="7.986" errors="0">
  <testcase name="login" time="3.478" classname="poject1.Demo1.TrackoMain"/>
  <testcase name="login" time="4.508" classname="poject1.Demo1.TrackoMain"/>
</testsuite> <!-- poject1.Demo1.TrackoMain -->
